<?xml version="1.0" encoding="UTF-8"?>
<!-- Generated by org.testng.reporters.JUnitReportReporter -->
<testsuite hostname="MEHER" failures="0" tests="1" name="com.ds.testLayer.LoginPageTest" time="96.584" errors="0" timestamp="2022-12-02T18:37:48 IST" skipped="0">
  <testcase classname="com.ds.testLayer.LoginPageTest" name="verifyLoginTest" time="96.584"/>
  <system-out/>
</testsuite> <!-- com.ds.testLayer.LoginPageTest -->
